
07/28/2022 23:52:40 PM - INFO - dir./apks/benign start 0 end 6
07/28/2022 23:52:40 PM - INFO - dir./apks/benign start 6 end 12
07/28/2022 23:52:40 PM - INFO - processing_all_apks begin dir ./apks/benign  index 0 apk_list_size 6
07/28/2022 23:52:40 PM - INFO - 111111111111111111111111111111111111 0 icc_javatonative.apk
07/28/2022 23:52:40 PM - INFO - ----------------------------------开始处理benign apk：icc_javatonative ----- 进程0
07/28/2022 23:52:40 PM - INFO - processing_all_apks begin dir ./apks/benign  index 1 apk_list_size 6
07/28/2022 23:52:40 PM - INFO - dir./apks/malware start 0 end 3
07/28/2022 23:52:40 PM - INFO - 111111111111111111111111111111111111 1 native_pure_direct_customized.apk
07/28/2022 23:52:40 PM - INFO - ----------------------------------开始处理benign apk：native_pure_direct_customized ----- 进程1
07/28/2022 23:52:40 PM - INFO - dir./apks/malware start 3 end 4
07/28/2022 23:52:40 PM - INFO - 正在生成apk icc_javatonative 的Java CFGs
07/28/2022 23:52:40 PM - INFO - processing_all_apks begin dir ./apks/malware  index 2 apk_list_size 3
07/28/2022 23:52:40 PM - INFO - 111111111111111111111111111111111111 2 native_multiple_libraries.apk
07/28/2022 23:52:40 PM - INFO - 正在生成apk native_pure_direct_customized 的Java CFGs
07/28/2022 23:52:40 PM - INFO - ----------------------------------开始处理malware apk：native_multiple_libraries ----- 进程2
07/28/2022 23:52:40 PM - INFO - processing_all_apks begin dir ./apks/malware  index 3 apk_list_size 1
07/28/2022 23:52:40 PM - INFO - 正在反编译icc_javatonative
07/28/2022 23:52:40 PM - INFO - 111111111111111111111111111111111111 3 native_pure.apk
07/28/2022 23:52:40 PM - INFO - 正在反编译native_pure_direct_customized
07/28/2022 23:52:40 PM - INFO - ----------------------------------开始处理malware apk：native_pure ----- 进程3
07/28/2022 23:52:40 PM - INFO - 正在生成apk native_multiple_libraries 的Java CFGs
07/28/2022 23:52:40 PM - INFO - 正在生成apk native_pure 的Java CFGs
07/28/2022 23:52:40 PM - INFO - 正在反编译native_multiple_libraries
07/28/2022 23:52:40 PM - INFO - 正在反编译native_pure
07/28/2022 23:52:48 PM - INFO - 正在提取limit信息-native_pure_direct_customized
07/28/2022 23:52:48 PM - INFO - native_pure_direct_customized - limit信息提取完成
07/28/2022 23:52:48 PM - INFO - 正在生成Java CFGs-native_pure_direct_customized
07/28/2022 23:52:49 PM - INFO - 正在提取limit信息-icc_javatonative
07/28/2022 23:52:49 PM - INFO - icc_javatonative - limit信息提取完成
07/28/2022 23:52:49 PM - INFO - 正在生成Java CFGs-icc_javatonative
07/28/2022 23:52:49 PM - INFO - 正在提取limit信息-native_multiple_libraries
07/28/2022 23:52:49 PM - INFO - native_multiple_libraries - limit信息提取完成
07/28/2022 23:52:49 PM - INFO - 正在生成Java CFGs-native_multiple_libraries
07/28/2022 23:52:53 PM - INFO - 已生成Java CFGs-native_pure_direct_customized
07/28/2022 23:52:53 PM - INFO - 正在生成apk native_pure_direct_customized 的Native CFGs
07/28/2022 23:52:54 PM - INFO - 已生成Java CFGs-icc_javatonative
07/28/2022 23:52:54 PM - INFO - 正在生成apk icc_javatonative 的Native CFGs
07/28/2022 23:52:55 PM - INFO - 已生成Java CFGs-native_multiple_libraries
07/28/2022 23:52:55 PM - INFO - 正在生成apk native_multiple_libraries 的Native CFGs
07/28/2022 23:52:57 PM - INFO - RelationshipsAbstract...
07/28/2022 23:52:59 PM - INFO - RelationshipsAbstract...
07/28/2022 23:52:59 PM - INFO - RelationshipsAbstract...
07/28/2022 23:52:59 PM - INFO - 正在提取limit信息-native_pure
07/28/2022 23:53:01 PM - INFO - native_pure - limit信息提取完成
07/28/2022 23:53:01 PM - INFO - 正在生成Java CFGs-native_pure
07/28/2022 23:53:01 PM - INFO - GraphMerging...
07/28/2022 23:53:02 PM - DEBUG - ----------------------------------apk native_pure_direct_customized 图生成成功，删除tmp文件
07/28/2022 23:53:02 PM - INFO - GraphMerging...
07/28/2022 23:53:02 PM - DEBUG - ----------------------------------apk icc_javatonative 图生成成功，删除tmp文件
07/28/2022 23:53:02 PM - INFO - 111111111111111111111111111111111111 1 native_set_field_from_arg.apk
07/28/2022 23:53:02 PM - INFO - ----------------------------------开始处理benign apk：native_set_field_from_arg ----- 进程1
07/28/2022 23:53:02 PM - INFO - 正在生成apk native_set_field_from_arg 的Java CFGs
07/28/2022 23:53:02 PM - INFO - 正在反编译native_set_field_from_arg
07/28/2022 23:53:02 PM - INFO - GraphMerging...
07/28/2022 23:53:03 PM - INFO - 111111111111111111111111111111111111 0 icc_nativetojava.apk
07/28/2022 23:53:03 PM - INFO - ----------------------------------开始处理benign apk：icc_nativetojava ----- 进程0
07/28/2022 23:53:03 PM - INFO - 正在生成apk icc_nativetojava 的Java CFGs
07/28/2022 23:53:03 PM - INFO - 正在反编译icc_nativetojava
07/28/2022 23:53:03 PM - DEBUG - ----------------------------------apk native_multiple_libraries 图生成成功，删除tmp文件
07/28/2022 23:53:04 PM - INFO - 111111111111111111111111111111111111 2 native_noleak.apk
07/28/2022 23:53:04 PM - INFO - ----------------------------------开始处理malware apk：native_noleak ----- 进程2
07/28/2022 23:53:04 PM - INFO - 正在生成apk native_noleak 的Java CFGs
07/28/2022 23:53:04 PM - INFO - 正在反编译native_noleak
07/28/2022 23:53:10 PM - INFO - 正在提取limit信息-native_set_field_from_arg
07/28/2022 23:53:10 PM - INFO - native_set_field_from_arg - limit信息提取完成
07/28/2022 23:53:10 PM - INFO - 正在生成Java CFGs-native_set_field_from_arg
07/28/2022 23:53:12 PM - INFO - 正在提取limit信息-native_noleak
07/28/2022 23:53:12 PM - INFO - native_noleak - limit信息提取完成
07/28/2022 23:53:12 PM - INFO - 正在生成Java CFGs-native_noleak
07/28/2022 23:53:17 PM - INFO - 已生成Java CFGs-native_set_field_from_arg
07/28/2022 23:53:17 PM - INFO - 正在生成apk native_set_field_from_arg 的Native CFGs
07/28/2022 23:53:17 PM - INFO - 已生成Java CFGs-native_noleak
07/28/2022 23:53:17 PM - INFO - 正在生成apk native_noleak 的Native CFGs
07/28/2022 23:53:19 PM - INFO - RelationshipsAbstract...
07/28/2022 23:53:19 PM - INFO - RelationshipsAbstract...
07/28/2022 23:53:21 PM - INFO - 正在提取limit信息-icc_nativetojava
07/28/2022 23:53:22 PM - INFO - GraphMerging...
07/28/2022 23:53:22 PM - INFO - GraphMerging...
07/28/2022 23:53:22 PM - INFO - icc_nativetojava - limit信息提取完成
07/28/2022 23:53:22 PM - INFO - 正在生成Java CFGs-icc_nativetojava
07/28/2022 23:53:23 PM - DEBUG - ----------------------------------apk native_noleak 图生成成功，删除tmp文件
07/28/2022 23:53:23 PM - DEBUG - ----------------------------------apk native_set_field_from_arg 图生成成功，删除tmp文件
07/28/2022 23:53:23 PM - INFO - 111111111111111111111111111111111111 2 native_nosource.apk
07/28/2022 23:53:23 PM - INFO - ----------------------------------开始处理malware apk：native_nosource ----- 进程2
07/28/2022 23:53:23 PM - INFO - 正在生成apk native_nosource 的Java CFGs
07/28/2022 23:53:23 PM - INFO - 正在反编译native_nosource
07/28/2022 23:53:23 PM - INFO - 111111111111111111111111111111111111 1 native_set_field_from_arg_field.apk
07/28/2022 23:53:23 PM - INFO - ----------------------------------开始处理benign apk：native_set_field_from_arg_field ----- 进程1
07/28/2022 23:53:23 PM - INFO - 正在生成apk native_set_field_from_arg_field 的Java CFGs
07/28/2022 23:53:23 PM - INFO - 正在反编译native_set_field_from_arg_field
07/28/2022 23:53:25 PM - INFO - 已生成Java CFGs-native_pure
07/28/2022 23:53:25 PM - INFO - 正在生成apk native_pure 的Native CFGs
07/28/2022 23:53:28 PM - INFO - RelationshipsAbstract...
07/28/2022 23:53:29 PM - INFO - 正在提取limit信息-native_nosource
07/28/2022 23:53:29 PM - INFO - native_nosource - limit信息提取完成
07/28/2022 23:53:29 PM - INFO - 正在生成Java CFGs-native_nosource
07/28/2022 23:53:29 PM - INFO - 正在提取limit信息-native_set_field_from_arg_field
07/28/2022 23:53:29 PM - INFO - native_set_field_from_arg_field - limit信息提取完成
07/28/2022 23:53:29 PM - INFO - 正在生成Java CFGs-native_set_field_from_arg_field
07/28/2022 23:53:33 PM - INFO - 已生成Java CFGs-native_nosource
07/28/2022 23:53:33 PM - INFO - 正在生成apk native_nosource 的Native CFGs
07/28/2022 23:53:35 PM - INFO - RelationshipsAbstract...
07/28/2022 23:53:35 PM - INFO - 已生成Java CFGs-native_set_field_from_arg_field
07/28/2022 23:53:35 PM - INFO - 正在生成apk native_set_field_from_arg_field 的Native CFGs
07/28/2022 23:53:37 PM - INFO - GraphMerging...
07/28/2022 23:53:37 PM - INFO - RelationshipsAbstract...
07/28/2022 23:53:37 PM - DEBUG - ----------------------------------apk native_nosource 图生成成功，删除tmp文件
07/28/2022 23:53:38 PM - INFO - GraphMerging...
07/28/2022 23:53:39 PM - DEBUG - ----------------------------------apk native_set_field_from_arg_field 图生成成功，删除tmp文件
07/28/2022 23:53:39 PM - INFO - 111111111111111111111111111111111111 1 native_set_field_from_native.apk
07/28/2022 23:53:39 PM - INFO - ----------------------------------开始处理benign apk：native_set_field_from_native ----- 进程1
07/28/2022 23:53:39 PM - INFO - 正在生成apk native_set_field_from_native 的Java CFGs
07/28/2022 23:53:39 PM - INFO - 正在反编译native_set_field_from_native
07/28/2022 23:53:43 PM - INFO - 正在提取limit信息-native_set_field_from_native
07/28/2022 23:53:43 PM - INFO - native_set_field_from_native - limit信息提取完成
07/28/2022 23:53:43 PM - INFO - 正在生成Java CFGs-native_set_field_from_native
07/28/2022 23:53:46 PM - INFO - 已生成Java CFGs-icc_nativetojava
07/28/2022 23:53:46 PM - INFO - 正在生成apk icc_nativetojava 的Native CFGs
07/28/2022 23:53:48 PM - INFO - RelationshipsAbstract...
07/28/2022 23:53:48 PM - INFO - 已生成Java CFGs-native_set_field_from_native
07/28/2022 23:53:48 PM - INFO - 正在生成apk native_set_field_from_native 的Native CFGs
07/28/2022 23:53:50 PM - INFO - RelationshipsAbstract...
07/28/2022 23:53:51 PM - INFO - GraphMerging...
07/28/2022 23:53:52 PM - DEBUG - ----------------------------------apk native_set_field_from_native 图生成成功，删除tmp文件
07/28/2022 23:53:52 PM - INFO - 111111111111111111111111111111111111 1 native_source.apk
07/28/2022 23:53:52 PM - INFO - ----------------------------------开始处理benign apk：native_source ----- 进程1
07/28/2022 23:53:52 PM - INFO - 正在生成apk native_source 的Java CFGs
07/28/2022 23:53:52 PM - INFO - 正在反编译native_source
07/28/2022 23:54:01 PM - INFO - GraphMerging...
07/28/2022 23:54:03 PM - DEBUG - ----------------------------------apk native_pure 图生成成功，删除tmp文件
07/28/2022 23:54:06 PM - INFO - 正在提取limit信息-native_source
07/28/2022 23:54:08 PM - INFO - native_source - limit信息提取完成
07/28/2022 23:54:08 PM - INFO - 正在生成Java CFGs-native_source
07/28/2022 23:54:21 PM - INFO - GraphMerging...
07/28/2022 23:54:26 PM - INFO - 已生成Java CFGs-native_source
07/28/2022 23:54:26 PM - INFO - 正在生成apk native_source 的Native CFGs
07/28/2022 23:54:27 PM - INFO - RelationshipsAbstract...
07/28/2022 23:54:45 PM - INFO - GraphMerging...
07/28/2022 23:54:47 PM - DEBUG - ----------------------------------apk native_source 图生成成功，删除tmp文件
07/28/2022 23:54:50 PM - INFO - 111111111111111111111111111111111111 1 native_source_clean.apk
07/28/2022 23:54:50 PM - INFO - ----------------------------------开始处理benign apk：native_source_clean ----- 进程1
07/28/2022 23:54:50 PM - INFO - 正在生成apk native_source_clean 的Java CFGs
07/28/2022 23:54:50 PM - INFO - 正在反编译native_source_clean
07/28/2022 23:54:53 PM - INFO - 正在提取limit信息-native_source_clean
07/28/2022 23:54:53 PM - INFO - native_source_clean - limit信息提取完成
07/28/2022 23:54:53 PM - INFO - 正在生成Java CFGs-native_source_clean
07/28/2022 23:54:57 PM - INFO - 已生成Java CFGs-native_source_clean
07/28/2022 23:54:57 PM - INFO - 正在生成apk native_source_clean 的Native CFGs
07/28/2022 23:54:59 PM - INFO - RelationshipsAbstract...
07/28/2022 23:55:00 PM - INFO - GraphMerging...
07/28/2022 23:55:00 PM - DEBUG - ----------------------------------apk native_source_clean 图生成成功，删除tmp文件
07/29/2022 00:03:44 AM - INFO - dir./apks/benign start 0 end 6
07/29/2022 00:03:44 AM - INFO - dir./apks/benign start 6 end 12
07/29/2022 00:03:44 AM - INFO - processing_all_apks begin dir ./apks/benign  index 0 apk_list_size 6
07/29/2022 00:03:44 AM - INFO - 111111111111111111111111111111111111 0 icc_javatonative.apk
07/29/2022 00:03:44 AM - INFO - processing_all_apks begin dir ./apks/benign  index 1 apk_list_size 6
07/29/2022 00:03:44 AM - INFO - 111111111111111111111111111111111111 1 native_pure_direct_customized.apk
07/29/2022 00:03:44 AM - INFO - dir./apks/malware start 0 end 3
07/29/2022 00:03:44 AM - INFO - ----------------------------------apk icc_javatonative.apk已生成图
07/29/2022 00:03:44 AM - INFO - ----------------------------------apk native_pure_direct_customized.apk已生成图
07/29/2022 00:03:44 AM - INFO - 111111111111111111111111111111111111 0 icc_nativetojava.apk
07/29/2022 00:03:44 AM - INFO - 111111111111111111111111111111111111 1 native_set_field_from_arg.apk
07/29/2022 00:03:44 AM - INFO - ----------------------------------开始处理benign apk：icc_nativetojava ----- 进程0
07/29/2022 00:03:44 AM - INFO - ----------------------------------apk native_set_field_from_arg.apk已生成图
07/29/2022 00:03:44 AM - INFO - dir./apks/malware start 3 end 4
07/29/2022 00:03:44 AM - INFO - 111111111111111111111111111111111111 1 native_set_field_from_arg_field.apk
07/29/2022 00:03:44 AM - INFO - 正在生成apk icc_nativetojava 的Java CFGs
07/29/2022 00:03:44 AM - INFO - processing_all_apks begin dir ./apks/malware  index 2 apk_list_size 3
07/29/2022 00:03:44 AM - INFO - ----------------------------------apk native_set_field_from_arg_field.apk已生成图
07/29/2022 00:03:44 AM - INFO - 111111111111111111111111111111111111 2 native_multiple_libraries.apk
07/29/2022 00:03:44 AM - INFO - 111111111111111111111111111111111111 1 native_set_field_from_native.apk
07/29/2022 00:03:44 AM - INFO - icc_nativetojava反编译已存在
07/29/2022 00:03:44 AM - INFO - ----------------------------------apk native_set_field_from_native.apk已生成图
07/29/2022 00:03:44 AM - INFO - processing_all_apks begin dir ./apks/malware  index 3 apk_list_size 1
07/29/2022 00:03:44 AM - INFO - ----------------------------------apk native_multiple_libraries.apk已生成图
07/29/2022 00:03:44 AM - INFO - 111111111111111111111111111111111111 1 native_source.apk
07/29/2022 00:03:44 AM - INFO - 111111111111111111111111111111111111 3 native_pure.apk
07/29/2022 00:03:44 AM - INFO - limit信息已存在-icc_nativetojava
07/29/2022 00:03:44 AM - INFO - 111111111111111111111111111111111111 2 native_noleak.apk
07/29/2022 00:03:44 AM - INFO - ----------------------------------apk native_source.apk已生成图
07/29/2022 00:03:44 AM - INFO - ----------------------------------apk native_pure.apk已生成图
07/29/2022 00:03:44 AM - INFO - Java CFGs已存在-icc_nativetojava
07/29/2022 00:03:44 AM - INFO - 111111111111111111111111111111111111 1 native_source_clean.apk
07/29/2022 00:03:44 AM - INFO - ----------------------------------apk native_noleak.apk已生成图
07/29/2022 00:03:44 AM - INFO - 正在生成apk icc_nativetojava 的Native CFGs
07/29/2022 00:03:44 AM - INFO - 111111111111111111111111111111111111 2 native_nosource.apk
07/29/2022 00:03:44 AM - INFO - ----------------------------------apk native_source_clean.apk已生成图
07/29/2022 00:03:44 AM - INFO - ----------------------------------apk native_nosource.apk已生成图
07/29/2022 00:03:44 AM - INFO - RelationshipsAbstract...
07/29/2022 00:04:06 AM - INFO - dir./apks/benign start 0 end 6
07/29/2022 00:04:06 AM - INFO - dir./apks/benign start 6 end 12
07/29/2022 00:04:06 AM - INFO - processing_all_apks begin dir ./apks/benign  index 0 apk_list_size 6
07/29/2022 00:04:06 AM - INFO - 111111111111111111111111111111111111 0 icc_javatonative.apk
07/29/2022 00:04:06 AM - INFO - processing_all_apks begin dir ./apks/benign  index 1 apk_list_size 6
07/29/2022 00:04:06 AM - INFO - 111111111111111111111111111111111111 1 native_pure_direct_customized.apk
07/29/2022 00:04:06 AM - INFO - dir./apks/malware start 0 end 3
07/29/2022 00:04:06 AM - INFO - ----------------------------------apk icc_javatonative.apk已生成图
07/29/2022 00:04:06 AM - INFO - ----------------------------------apk native_pure_direct_customized.apk已生成图
07/29/2022 00:04:06 AM - INFO - 111111111111111111111111111111111111 0 icc_nativetojava.apk
07/29/2022 00:04:06 AM - INFO - 111111111111111111111111111111111111 1 native_set_field_from_arg.apk
07/29/2022 00:04:06 AM - INFO - ----------------------------------开始处理benign apk：icc_nativetojava ----- 进程0
07/29/2022 00:04:06 AM - INFO - dir./apks/malware start 3 end 4
07/29/2022 00:04:06 AM - INFO - ----------------------------------apk native_set_field_from_arg.apk已生成图
07/29/2022 00:04:06 AM - INFO - 111111111111111111111111111111111111 1 native_set_field_from_arg_field.apk
07/29/2022 00:04:06 AM - INFO - processing_all_apks begin dir ./apks/malware  index 2 apk_list_size 3
07/29/2022 00:04:06 AM - INFO - ----------------------------------apk native_set_field_from_arg_field.apk已生成图
07/29/2022 00:04:06 AM - INFO - 111111111111111111111111111111111111 2 native_multiple_libraries.apk
07/29/2022 00:04:06 AM - INFO - 111111111111111111111111111111111111 1 native_set_field_from_native.apk
07/29/2022 00:04:06 AM - INFO - ----------------------------------apk native_set_field_from_native.apk已生成图
07/29/2022 00:04:06 AM - INFO - processing_all_apks begin dir ./apks/malware  index 3 apk_list_size 1
07/29/2022 00:04:06 AM - INFO - ----------------------------------apk native_multiple_libraries.apk已生成图
07/29/2022 00:04:06 AM - INFO - 111111111111111111111111111111111111 1 native_source.apk
07/29/2022 00:04:06 AM - INFO - 111111111111111111111111111111111111 3 native_pure.apk
07/29/2022 00:04:06 AM - INFO - 111111111111111111111111111111111111 2 native_noleak.apk
07/29/2022 00:04:06 AM - INFO - ----------------------------------apk native_pure.apk已生成图
07/29/2022 00:04:06 AM - INFO - ----------------------------------apk native_source.apk已生成图
07/29/2022 00:04:06 AM - INFO - 111111111111111111111111111111111111 1 native_source_clean.apk
07/29/2022 00:04:06 AM - INFO - ----------------------------------apk native_noleak.apk已生成图
07/29/2022 00:04:06 AM - INFO - 111111111111111111111111111111111111 2 native_nosource.apk
07/29/2022 00:04:06 AM - INFO - ----------------------------------apk native_source_clean.apk已生成图
07/29/2022 00:04:06 AM - INFO - ----------------------------------apk native_nosource.apk已生成图
07/29/2022 00:04:06 AM - INFO - 正在生成apk icc_nativetojava 的Java CFGs
07/29/2022 00:04:06 AM - INFO - 正在反编译icc_nativetojava
07/29/2022 00:04:15 AM - INFO - 正在提取limit信息-icc_nativetojava
07/29/2022 00:04:16 AM - INFO - icc_nativetojava - limit信息提取完成
07/29/2022 00:04:16 AM - INFO - 正在生成Java CFGs-icc_nativetojava
07/29/2022 00:04:33 AM - INFO - 已生成Java CFGs-icc_nativetojava
07/29/2022 00:04:33 AM - INFO - 正在生成apk icc_nativetojava 的Native CFGs
07/29/2022 00:04:34 AM - INFO - RelationshipsAbstract...
07/29/2022 00:04:54 AM - INFO - GraphMerging...
07/29/2022 00:04:55 AM - ERROR - icc_nativetojava.apk -- 失败,原因cannot unpack non-iterable NoneType object
07/29/2022 00:04:58 AM - INFO - 111111111111111111111111111111111111 0 native_complexdata.apk
07/29/2022 00:04:58 AM - INFO - ----------------------------------开始处理benign apk：native_complexdata ----- 进程0
07/29/2022 00:04:58 AM - INFO - 正在生成apk native_complexdata 的Java CFGs
07/29/2022 00:04:58 AM - INFO - 正在反编译native_complexdata
07/29/2022 00:05:01 AM - INFO - 正在提取limit信息-native_complexdata
07/29/2022 00:05:01 AM - INFO - native_complexdata - limit信息提取完成
07/29/2022 00:05:01 AM - INFO - 正在生成Java CFGs-native_complexdata
07/29/2022 00:05:05 AM - INFO - 已生成Java CFGs-native_complexdata
07/29/2022 00:05:05 AM - INFO - 正在生成apk native_complexdata 的Native CFGs
07/29/2022 00:05:07 AM - INFO - RelationshipsAbstract...
07/29/2022 00:05:08 AM - INFO - GraphMerging...
07/29/2022 00:05:08 AM - DEBUG - ----------------------------------apk native_complexdata 图生成成功，删除tmp文件
07/29/2022 00:05:08 AM - INFO - 111111111111111111111111111111111111 0 native_leak_array.apk
07/29/2022 00:05:08 AM - INFO - ----------------------------------开始处理benign apk：native_leak_array ----- 进程0
07/29/2022 00:05:08 AM - INFO - 正在生成apk native_leak_array 的Java CFGs
07/29/2022 00:05:08 AM - INFO - 正在反编译native_leak_array
07/29/2022 00:05:12 AM - INFO - 正在提取limit信息-native_leak_array
07/29/2022 00:05:12 AM - INFO - native_leak_array - limit信息提取完成
07/29/2022 00:05:12 AM - INFO - 正在生成Java CFGs-native_leak_array
07/29/2022 00:05:16 AM - INFO - 已生成Java CFGs-native_leak_array
07/29/2022 00:05:16 AM - INFO - 正在生成apk native_leak_array 的Native CFGs
07/29/2022 00:05:17 AM - INFO - RelationshipsAbstract...
07/29/2022 00:05:19 AM - INFO - GraphMerging...
07/29/2022 00:05:19 AM - DEBUG - ----------------------------------apk native_leak_array 图生成成功，删除tmp文件
07/29/2022 00:05:19 AM - INFO - 111111111111111111111111111111111111 0 native_pure.apk
07/29/2022 00:05:19 AM - INFO - ----------------------------------开始处理benign apk：native_pure ----- 进程0
07/29/2022 00:05:19 AM - INFO - 正在生成apk native_pure 的Java CFGs
07/29/2022 00:05:19 AM - INFO - 正在反编译native_pure
07/29/2022 00:05:30 AM - INFO - 正在提取limit信息-native_pure
07/29/2022 00:05:30 AM - INFO - native_pure - limit信息提取完成
07/29/2022 00:05:30 AM - INFO - 正在生成Java CFGs-native_pure
07/29/2022 00:05:46 AM - INFO - 已生成Java CFGs-native_pure
07/29/2022 00:05:46 AM - INFO - 正在生成apk native_pure 的Native CFGs
07/29/2022 00:05:48 AM - INFO - RelationshipsAbstract...
07/29/2022 00:06:06 AM - INFO - GraphMerging...
07/29/2022 00:06:08 AM - DEBUG - ----------------------------------apk native_pure 图生成成功，删除tmp文件
07/29/2022 00:06:11 AM - INFO - 111111111111111111111111111111111111 0 native_pure_direct.apk
07/29/2022 00:06:11 AM - INFO - ----------------------------------开始处理benign apk：native_pure_direct ----- 进程0
07/29/2022 00:06:11 AM - INFO - 正在生成apk native_pure_direct 的Java CFGs
07/29/2022 00:06:11 AM - INFO - 正在反编译native_pure_direct
07/29/2022 00:06:21 AM - INFO - 正在提取limit信息-native_pure_direct
07/29/2022 00:06:22 AM - INFO - native_pure_direct - limit信息提取完成
07/29/2022 00:06:22 AM - INFO - 正在生成Java CFGs-native_pure_direct
07/29/2022 00:06:37 AM - INFO - 已生成Java CFGs-native_pure_direct
07/29/2022 00:06:37 AM - INFO - 正在生成apk native_pure_direct 的Native CFGs
07/29/2022 00:06:39 AM - INFO - RelationshipsAbstract...
07/29/2022 00:06:56 AM - INFO - GraphMerging...
07/29/2022 00:06:58 AM - DEBUG - ----------------------------------apk native_pure_direct 图生成成功，删除tmp文件
07/29/2022 00:08:41 AM - INFO - dir./apks/benign start 0 end 6
07/29/2022 00:08:41 AM - INFO - dir./apks/benign start 6 end 12
07/29/2022 00:08:41 AM - INFO - processing_all_apks begin dir ./apks/benign  index 0 apk_list_size 6
07/29/2022 00:08:41 AM - INFO - 111111111111111111111111111111111111 0 icc_javatonative.apk
07/29/2022 00:08:41 AM - INFO - ----------------------------------apk icc_javatonative.apk已生成图
07/29/2022 00:08:41 AM - INFO - processing_all_apks begin dir ./apks/benign  index 1 apk_list_size 6
07/29/2022 00:08:41 AM - INFO - 111111111111111111111111111111111111 0 icc_nativetojava.apk
07/29/2022 00:08:41 AM - INFO - dir./apks/malware start 0 end 3
07/29/2022 00:08:41 AM - INFO - 111111111111111111111111111111111111 1 native_pure_direct_customized.apk
07/29/2022 00:08:41 AM - INFO - ----------------------------------开始处理benign apk：icc_nativetojava ----- 进程0
07/29/2022 00:08:41 AM - INFO - ----------------------------------apk native_pure_direct_customized.apk已生成图
07/29/2022 00:08:41 AM - INFO - 111111111111111111111111111111111111 1 native_set_field_from_arg.apk
07/29/2022 00:08:41 AM - INFO - 正在生成apk icc_nativetojava 的Java CFGs
07/29/2022 00:08:41 AM - INFO - dir./apks/malware start 3 end 4
07/29/2022 00:08:41 AM - INFO - processing_all_apks begin dir ./apks/malware  index 2 apk_list_size 3
07/29/2022 00:08:41 AM - INFO - ----------------------------------apk native_set_field_from_arg.apk已生成图
07/29/2022 00:08:41 AM - INFO - 111111111111111111111111111111111111 2 native_multiple_libraries.apk
07/29/2022 00:08:41 AM - INFO - 111111111111111111111111111111111111 1 native_set_field_from_arg_field.apk
07/29/2022 00:08:41 AM - INFO - 正在反编译icc_nativetojava
07/29/2022 00:08:41 AM - INFO - ----------------------------------apk native_multiple_libraries.apk已生成图
07/29/2022 00:08:41 AM - INFO - ----------------------------------apk native_set_field_from_arg_field.apk已生成图
07/29/2022 00:08:41 AM - INFO - 111111111111111111111111111111111111 2 native_noleak.apk
07/29/2022 00:08:41 AM - INFO - 111111111111111111111111111111111111 1 native_set_field_from_native.apk
07/29/2022 00:08:41 AM - INFO - processing_all_apks begin dir ./apks/malware  index 3 apk_list_size 1
07/29/2022 00:08:41 AM - INFO - ----------------------------------apk native_noleak.apk已生成图
07/29/2022 00:08:41 AM - INFO - 111111111111111111111111111111111111 3 native_pure.apk
07/29/2022 00:08:41 AM - INFO - ----------------------------------apk native_set_field_from_native.apk已生成图
07/29/2022 00:08:41 AM - INFO - 111111111111111111111111111111111111 2 native_nosource.apk
07/29/2022 00:08:41 AM - INFO - 111111111111111111111111111111111111 1 native_source.apk
07/29/2022 00:08:41 AM - INFO - ----------------------------------apk native_pure.apk已生成图
07/29/2022 00:08:41 AM - INFO - ----------------------------------apk native_nosource.apk已生成图
07/29/2022 00:08:41 AM - INFO - ----------------------------------apk native_source.apk已生成图
07/29/2022 00:08:41 AM - INFO - 111111111111111111111111111111111111 1 native_source_clean.apk
07/29/2022 00:08:41 AM - INFO - ----------------------------------apk native_source_clean.apk已生成图
07/29/2022 00:08:51 AM - INFO - 正在提取limit信息-icc_nativetojava
07/29/2022 00:08:52 AM - INFO - icc_nativetojava - limit信息提取完成
07/29/2022 00:08:52 AM - INFO - 正在生成Java CFGs-icc_nativetojava
07/29/2022 00:09:09 AM - INFO - 已生成Java CFGs-icc_nativetojava
07/29/2022 00:09:09 AM - INFO - 正在生成apk icc_nativetojava 的Native CFGs
07/29/2022 00:09:11 AM - INFO - RelationshipsAbstract...
07/29/2022 00:09:30 AM - INFO - GraphMerging...
07/29/2022 00:09:31 AM - ERROR - icc_nativetojava.apk -- 失败,原因cannot unpack non-iterable NoneType object
07/29/2022 00:09:34 AM - INFO - 111111111111111111111111111111111111 0 native_complexdata.apk
07/29/2022 00:09:34 AM - INFO - ----------------------------------apk native_complexdata.apk已生成图
07/29/2022 00:09:34 AM - INFO - 111111111111111111111111111111111111 0 native_leak_array.apk
07/29/2022 00:09:34 AM - INFO - ----------------------------------apk native_leak_array.apk已生成图
07/29/2022 00:09:34 AM - INFO - 111111111111111111111111111111111111 0 native_pure.apk
07/29/2022 00:09:34 AM - INFO - ----------------------------------apk native_pure.apk已生成图
07/29/2022 00:09:34 AM - INFO - 111111111111111111111111111111111111 0 native_pure_direct.apk
07/29/2022 00:09:34 AM - INFO - ----------------------------------apk native_pure_direct.apk已生成图
07/29/2022 00:10:34 AM - INFO - dir./apks/benign start 0 end 6
07/29/2022 00:10:34 AM - INFO - dir./apks/benign start 6 end 11
07/29/2022 00:10:34 AM - INFO - processing_all_apks begin dir ./apks/benign  index 0 apk_list_size 6
07/29/2022 00:10:34 AM - INFO - 111111111111111111111111111111111111 0 icc_javatonative.apk
07/29/2022 00:10:34 AM - INFO - ----------------------------------apk icc_javatonative.apk已生成图
07/29/2022 00:10:34 AM - INFO - processing_all_apks begin dir ./apks/benign  index 1 apk_list_size 5
07/29/2022 00:10:34 AM - INFO - 111111111111111111111111111111111111 0 native_complexdata.apk
07/29/2022 00:10:34 AM - INFO - 111111111111111111111111111111111111 1 native_set_field_from_arg.apk
07/29/2022 00:10:34 AM - INFO - dir./apks/malware start 0 end 3
07/29/2022 00:10:34 AM - INFO - ----------------------------------apk native_complexdata.apk已生成图
07/29/2022 00:10:34 AM - INFO - ----------------------------------apk native_set_field_from_arg.apk已生成图
07/29/2022 00:10:34 AM - INFO - 111111111111111111111111111111111111 0 native_leak_array.apk
07/29/2022 00:10:34 AM - INFO - 111111111111111111111111111111111111 1 native_set_field_from_arg_field.apk
07/29/2022 00:10:34 AM - INFO - ----------------------------------apk native_leak_array.apk已生成图
07/29/2022 00:10:34 AM - INFO - ----------------------------------apk native_set_field_from_arg_field.apk已生成图
07/29/2022 00:10:34 AM - INFO - 111111111111111111111111111111111111 0 native_pure.apk
07/29/2022 00:10:34 AM - INFO - 111111111111111111111111111111111111 1 native_set_field_from_native.apk
07/29/2022 00:10:34 AM - INFO - ----------------------------------apk native_pure.apk已生成图
07/29/2022 00:10:34 AM - INFO - ----------------------------------apk native_set_field_from_native.apk已生成图
07/29/2022 00:10:34 AM - INFO - 111111111111111111111111111111111111 0 native_pure_direct.apk
07/29/2022 00:10:34 AM - INFO - 111111111111111111111111111111111111 1 native_source.apk
07/29/2022 00:10:34 AM - INFO - processing_all_apks begin dir ./apks/malware  index 2 apk_list_size 3
07/29/2022 00:10:34 AM - INFO - dir./apks/malware start 3 end 5
07/29/2022 00:10:34 AM - INFO - 111111111111111111111111111111111111 2 native_multiple_libraries.apk
07/29/2022 00:10:34 AM - INFO - ----------------------------------apk native_pure_direct.apk已生成图
07/29/2022 00:10:34 AM - INFO - ----------------------------------apk native_source.apk已生成图
07/29/2022 00:10:34 AM - INFO - 111111111111111111111111111111111111 0 native_pure_direct_customized.apk
07/29/2022 00:10:34 AM - INFO - ----------------------------------apk native_multiple_libraries.apk已生成图
07/29/2022 00:10:34 AM - INFO - 111111111111111111111111111111111111 1 native_source_clean.apk
07/29/2022 00:10:34 AM - INFO - 111111111111111111111111111111111111 2 native_noleak.apk
07/29/2022 00:10:34 AM - INFO - ----------------------------------apk native_source_clean.apk已生成图
07/29/2022 00:10:34 AM - INFO - ----------------------------------apk native_pure_direct_customized.apk已生成图
07/29/2022 00:10:34 AM - INFO - ----------------------------------apk native_noleak.apk已生成图
07/29/2022 00:10:34 AM - INFO - 111111111111111111111111111111111111 2 native_nosource.apk
07/29/2022 00:10:34 AM - INFO - ----------------------------------apk native_nosource.apk已生成图
07/29/2022 00:10:34 AM - INFO - processing_all_apks begin dir ./apks/malware  index 3 apk_list_size 2
07/29/2022 00:10:34 AM - INFO - 111111111111111111111111111111111111 3 native_pure.apk
07/29/2022 00:10:34 AM - INFO - ----------------------------------apk native_pure.apk已生成图
07/29/2022 00:10:34 AM - INFO - 111111111111111111111111111111111111 3 native_pure_direct.apk
07/29/2022 00:10:34 AM - INFO - ----------------------------------开始处理malware apk：native_pure_direct ----- 进程3
07/29/2022 00:10:34 AM - INFO - 正在生成apk native_pure_direct 的Java CFGs
07/29/2022 00:10:34 AM - INFO - 正在反编译native_pure_direct
07/29/2022 00:10:44 AM - INFO - 正在提取limit信息-native_pure_direct
07/29/2022 00:10:45 AM - INFO - native_pure_direct - limit信息提取完成
07/29/2022 00:10:45 AM - INFO - 正在生成Java CFGs-native_pure_direct
07/29/2022 00:11:00 AM - INFO - 已生成Java CFGs-native_pure_direct
07/29/2022 00:11:00 AM - INFO - 正在生成apk native_pure_direct 的Native CFGs
07/29/2022 00:11:01 AM - INFO - RelationshipsAbstract...
07/29/2022 00:11:19 AM - INFO - GraphMerging...
07/29/2022 00:11:21 AM - DEBUG - ----------------------------------apk native_pure_direct 图生成成功，删除tmp文件
